<?xml version="1.0" encoding="UTF-8"?>
<!-- Generated by org.testng.reporters.JUnitReportReporter -->
<testsuite hostname="GUDU-PC" name="testRunner.TestNGRunner" tests="1" failures="0" timestamp="23 May 2021 07:50:07 GMT" time="87.147" errors="0">
  <testcase name="feature" time="87.147" classname="testRunner.TestNGRunner"/>
</testsuite> <!-- testRunner.TestNGRunner -->
