<?xml version="1.0" encoding="UTF-8"?>
<!-- Generated by org.testng.reporters.JUnitReportReporter -->
<testsuite skipped="0" hostname="GUDU-PC" name="testRunner.TestNGRunner" tests="1" failures="0" timestamp="23 May 2021 08:02:11 GMT" time="65.591" errors="0">
  <testcase name="feature" time="65.591" classname="testRunner.TestNGRunner"/>
</testsuite> <!-- testRunner.TestNGRunner -->
